Build started 03/01/2026 15:25:21.
Project "f:\github\Clarion-Extension\Clarion-Extension\test-programs\scope-test-suite\ScopeTestSuite.sln" on node 1 (build target(s)).
Building with tools version "4.0".
Target "ValidateSolutionConfiguration" in file "f:\github\Clarion-Extension\Clarion-Extension\test-programs\scope-test-suite\ScopeTestSuite.sln.metaproj" from project "f:\github\Clarion-Extension\Clarion-Extension\test-programs\scope-test-suite\ScopeTestSuite.sln" (entry point):
Task "Error" skipped, due to false condition; (('$(CurrentSolutionConfigurationContents)' == '') and ('$(SkipInvalidConfigurations)' != 'true')) was evaluated as (('<SolutionConfiguration>
  <ProjectConfiguration Project="{8B8D458E-C672-4EA6-B6DC-B9645FAE5E5B}" AbsolutePath="f:\github\Clarion-Extension\Clarion-Extension\test-programs\scope-test-suite\ScopeTestSuite.cwproj" BuildProjectInSolution="True">Release|Win32</ProjectConfiguration>
</SolutionConfiguration>' == '') and ('' != 'true')).
Task "Warning" skipped, due to false condition; (('$(CurrentSolutionConfigurationContents)' == '') and ('$(SkipInvalidConfigurations)' == 'true')) was evaluated as (('<SolutionConfiguration>
  <ProjectConfiguration Project="{8B8D458E-C672-4EA6-B6DC-B9645FAE5E5B}" AbsolutePath="f:\github\Clarion-Extension\Clarion-Extension\test-programs\scope-test-suite\ScopeTestSuite.cwproj" BuildProjectInSolution="True">Release|Win32</ProjectConfiguration>
</SolutionConfiguration>' == '') and ('' == 'true')).
Using "Message" task from assembly "Microsoft.Build.Tasks.v4.0, Version=4.0.0.0, Culture=neutral, PublicKeyToken=b03f5f7f11d50a3a".
Task "Message"
  Building solution configuration "Release|Win32".
Done executing task "Message".
Done building target "ValidateSolutionConfiguration" in project "ScopeTestSuite.sln".
Target "ValidateToolsVersions" in file "f:\github\Clarion-Extension\Clarion-Extension\test-programs\scope-test-suite\ScopeTestSuite.sln.metaproj" from project "f:\github\Clarion-Extension\Clarion-Extension\test-programs\scope-test-suite\ScopeTestSuite.sln" (entry point):
Task "Error" skipped, due to false condition; ('$(MSBuildToolsVersion)' == '2.0' and ('$(ProjectToolsVersion)' != '2.0' and '$(ProjectToolsVersion)' != '')) was evaluated as ('4.0' == '2.0' and ('' != '2.0' and '' != '')).
Done building target "ValidateToolsVersions" in project "ScopeTestSuite.sln".
Target "ValidateProjects" in file "f:\github\Clarion-Extension\Clarion-Extension\test-programs\scope-test-suite\ScopeTestSuite.sln.metaproj" from project "f:\github\Clarion-Extension\Clarion-Extension\test-programs\scope-test-suite\ScopeTestSuite.sln" (entry point):
Done building target "ValidateProjects" in project "ScopeTestSuite.sln".
Target "Build" in file "f:\github\Clarion-Extension\Clarion-Extension\test-programs\scope-test-suite\ScopeTestSuite.sln.metaproj" from project "f:\github\Clarion-Extension\Clarion-Extension\test-programs\scope-test-suite\ScopeTestSuite.sln" (entry point):
Using "MSBuild" task from assembly "Microsoft.Build.Tasks.v4.0, Version=4.0.0.0, Culture=neutral, PublicKeyToken=b03f5f7f11d50a3a".
Task "MSBuild"
  Global Properties:
    BuildingSolutionFile=true
    CurrentSolutionConfigurationContents=<SolutionConfiguration>
    <ProjectConfiguration Project="{8B8D458E-C672-4EA6-B6DC-B9645FAE5E5B}" AbsolutePath="f:\github\Clarion-Extension\Clarion-Extension\test-programs\scope-test-suite\ScopeTestSuite.cwproj" BuildProjectInSolution="True">Release|Win32</ProjectConfiguration>
  </SolutionConfiguration>
    SolutionDir=f:\github\Clarion-Extension\Clarion-Extension\test-programs\scope-test-suite
    SolutionExt=.sln
    SolutionFileName=ScopeTestSuite.sln
    SolutionName=ScopeTestSuite
    SolutionPath=f:\github\Clarion-Extension\Clarion-Extension\test-programs\scope-test-suite\ScopeTestSuite.sln
  Additional Properties for project "f:\github\Clarion-Extension\Clarion-Extension\test-programs\scope-test-suite\ScopeTestSuite.cwproj":
    Configuration=Release
    Platform=Win32
    VisualStudioVersion=11.0
Project "f:\github\Clarion-Extension\Clarion-Extension\test-programs\scope-test-suite\ScopeTestSuite.sln" (1) is building "f:\github\Clarion-Extension\Clarion-Extension\test-programs\scope-test-suite\ScopeTestSuite.cwproj" (2) on node 1 (default targets).
Building with tools version "4.0".
Target "PreBuildEvent" skipped, due to false condition; ('$(PreBuildEvent)'!='') was evaluated as (''!='').
Target "_TimeStampBeforeCompile" skipped, due to false condition; ('$(RunPostBuildEvent)'=='OnOutputUpdated') was evaluated as (''=='OnOutputUpdated').
Target "CoreCompile" in file "C:\Clarion\Clarion11.1\bin\SoftVelocity.Build.Clarion.targets" from project "f:\github\Clarion-Extension\Clarion-Extension\test-programs\scope-test-suite\ScopeTestSuite.cwproj" (target "Build" depends on it):
Using "CW" task from assembly "C:\Clarion\Clarion11.1\bin\SoftVelocity.CW.Build.Tasks.dll".
Task "CW"
  Making main.obj : pragma changed
  Including: EQUATES.CLW
  Including: *property.clw
  Including: EQUATES.CLW
  Including:  
  Including: StringTheory.inc
  Including:  
  Including: ABWindow.inc
  Including: *ABRESIZE.INC
  Including: **ABRESIZE.EQU
  Including: *ABRESIZE.INC
  Including: ABWindow.inc
  Including: *ABBROWSE.INC
  Including: **ABFILE.INC
  Including: ***FILECB.INC
  Including: ****BUILTINS.CLW
  Including: ***FILECB.INC
  Including: **ABFILE.INC
  Including: ***ABFILE.EQU
  Including: **ABFILE.INC
  Including: ***CWSYNCHM.INC
  Including: ****CWSYNCH.INT
  Including: ***CWSYNCHM.INC
  Including: **ABFILE.INC
  Including: *ABBROWSE.INC
  Including: **ABPOPUP.INC
  Including: ***ABUTIL.INC
  Including: ****ABERROR.INC
  Including: *****ERRORS.CLW
  Including: ****ABERROR.INC
  Including: ***ABUTIL.INC
  Including: **ABPOPUP.INC
  Including: *ABBROWSE.INC
  Including: **ABTOOLBA.INC
  Including: ***ABTOOLBA.EQU
  Including: **ABTOOLBA.INC
  Including: *ABBROWSE.INC
  Including: **ABEIP.INC
  Including: *ABBROWSE.INC
  Including: **ABBROWSE.EQU
  Including: *ABBROWSE.INC
  Including: ABWindow.inc
  Including: *ABVCRFRM.INC
  Including: ABWindow.inc
  Including:  
  Optimizing _main
  Optimizing 
  Optimizing GLOBALHELPER@F
  Optimizing 
  made main.obj
  Making utils.obj : pragma changed
  Including: main.clw
  Including: *EQUATES.CLW
  Including: **property.clw
  Including: *EQUATES.CLW
  Including: main.clw
  Including: *StringTheory.inc
  Including: main.clw
  Including: *ABWindow.inc
  Including: **ABRESIZE.INC
  Including: ***ABRESIZE.EQU
  Including: **ABRESIZE.INC
  Including: *ABWindow.inc
  Including: **ABBROWSE.INC
  Including: ***ABFILE.INC
  Including: ****FILECB.INC
  Including: *****BUILTINS.CLW
  Including: ****FILECB.INC
  Including: ***ABFILE.INC
  Including: ****ABFILE.EQU
  Including: ***ABFILE.INC
  Including: ****CWSYNCHM.INC
  Including: *****CWSYNCH.INT
  Including: ****CWSYNCHM.INC
  Including: ***ABFILE.INC
  Including: **ABBROWSE.INC
  Including: ***ABPOPUP.INC
  Including: ****ABUTIL.INC
  Including: *****ABERROR.INC
  Including: ******ERRORS.CLW
  Including: *****ABERROR.INC
  Including: ****ABUTIL.INC
  Including: ***ABPOPUP.INC
  Including: **ABBROWSE.INC
  Including: ***ABTOOLBA.INC
  Including: ****ABTOOLBA.EQU
  Including: ***ABTOOLBA.INC
  Including: **ABBROWSE.INC
  Including: ***ABEIP.INC
  Including: **ABBROWSE.INC
  Including: ***ABBROWSE.EQU
  Including: **ABBROWSE.INC
  Including: *ABWindow.inc
  Including: **ABVCRFRM.INC
  Including: *ABWindow.inc
  Including: main.clw
  Including:  
  Including: startproc.inc
  Including:  
f:\github\Clarion-Extension\Clarion-Extension\test-programs\scope-test-suite\utils.clw(52,1): error : No matching prototype available [f:\github\Clarion-Extension\Clarion-Extension\test-programs\scope-test-suite\ScopeTestSuite.cwproj]
  made utils.obj
  Making StartProc.obj : pragma changed
  Including: main.clw
  Including: *EQUATES.CLW
  Including: **property.clw
  Including: *EQUATES.CLW
  Including: main.clw
  Including: *StringTheory.inc
  Including: main.clw
  Including: *ABWindow.inc
  Including: **ABRESIZE.INC
  Including: ***ABRESIZE.EQU
  Including: **ABRESIZE.INC
  Including: *ABWindow.inc
  Including: **ABBROWSE.INC
  Including: ***ABFILE.INC
  Including: ****FILECB.INC
  Including: *****BUILTINS.CLW
  Including: ****FILECB.INC
  Including: ***ABFILE.INC
  Including: ****ABFILE.EQU
  Including: ***ABFILE.INC
  Including: ****CWSYNCHM.INC
  Including: *****CWSYNCH.INT
  Including: ****CWSYNCHM.INC
  Including: ***ABFILE.INC
  Including: **ABBROWSE.INC
  Including: ***ABPOPUP.INC
  Including: ****ABUTIL.INC
  Including: *****ABERROR.INC
  Including: ******ERRORS.CLW
  Including: *****ABERROR.INC
  Including: ****ABUTIL.INC
  Including: ***ABPOPUP.INC
  Including: **ABBROWSE.INC
  Including: ***ABTOOLBA.INC
  Including: ****ABTOOLBA.EQU
  Including: ***ABTOOLBA.INC
  Including: **ABBROWSE.INC
  Including: ***ABEIP.INC
  Including: **ABBROWSE.INC
  Including: ***ABBROWSE.EQU
  Including: **ABBROWSE.INC
  Including: *ABWindow.inc
  Including: **ABVCRFRM.INC
  Including: *ABWindow.inc
  Including: main.clw
  Including:  
  Including: startproc.inc
  Including:  
  Optimizing STARTPROC@Fsb
  Optimizing 
  made StartProc.obj
Done executing task "CW" -- FAILED.
Done building target "CoreCompile" in project "ScopeTestSuite.cwproj" -- FAILED.
Done Building Project "f:\github\Clarion-Extension\Clarion-Extension\test-programs\scope-test-suite\ScopeTestSuite.cwproj" (default targets) -- FAILED.

Done executing task "MSBuild" -- FAILED.
Done building target "Build" in project "ScopeTestSuite.sln" -- FAILED.
Done Building Project "f:\github\Clarion-Extension\Clarion-Extension\test-programs\scope-test-suite\ScopeTestSuite.sln" (build target(s)) -- FAILED.


Build FAILED.

"f:\github\Clarion-Extension\Clarion-Extension\test-programs\scope-test-suite\ScopeTestSuite.sln" (build target) (1) ->
"f:\github\Clarion-Extension\Clarion-Extension\test-programs\scope-test-suite\ScopeTestSuite.cwproj" (default target) (2) ->
(CoreCompile target) -> 
  f:\github\Clarion-Extension\Clarion-Extension\test-programs\scope-test-suite\utils.clw(52,1): error : No matching prototype available [f:\github\Clarion-Extension\Clarion-Extension\test-programs\scope-test-suite\ScopeTestSuite.cwproj]

    0 Warning(s)
    1 Error(s)

Time Elapsed 00:00:00.29
